2022-06-27 16:11:06|start socket
2022-06-27 16:11:57|waiting for 26
2022-06-27 16:12:00|waiting for 24
2022-06-27 16:12:03|waiting for 5
2022-06-27 16:12:05|waiting for 14
2022-06-27 16:12:08|waiting for 1
2022-06-27 16:12:23|26 received
2022-06-27 16:12:23|waiting for 16
2022-06-27 16:12:24|24 received
2022-06-27 16:12:24|waiting for 17
2022-06-27 16:12:28|5 received
2022-06-27 16:12:28|waiting for 4
2022-06-27 16:12:31|14 received
2022-06-27 16:12:31|waiting for 0
2022-06-27 16:12:33|1 received
2022-06-27 16:12:33|waiting for 2
2022-06-27 16:12:39|16 received
2022-06-27 16:12:39|waiting for 25
2022-06-27 16:12:41|17 received
2022-06-27 16:12:41|waiting for 12
2022-06-27 16:12:48|4 received
2022-06-27 16:12:48|waiting for 3
2022-06-27 16:12:52|0 received
2022-06-27 16:12:52|waiting for 20
2022-06-27 16:12:54|2 received
2022-06-27 16:12:54|waiting for 22
2022-06-27 16:12:56|25 received
2022-06-27 16:12:56|waiting for 21
2022-06-27 16:13:02|12 received
2022-06-27 16:13:02|waiting for 19
2022-06-27 16:13:09|20 received
2022-06-27 16:13:09|waiting for 23
2022-06-27 16:13:10|3 received
2022-06-27 16:13:10|waiting for 11
2022-06-27 16:13:11|22 received
2022-06-27 16:13:11|waiting for 8
2022-06-27 16:13:12|21 received
2022-06-27 16:13:12|waiting for 7
2022-06-27 16:13:18|19 received
2022-06-27 16:13:18|waiting for 9
2022-06-27 16:13:26|23 received
2022-06-27 16:13:26|waiting for 15
2022-06-27 16:13:32|8 received
2022-06-27 16:13:32|waiting for 27
2022-06-27 16:13:33|7 received
2022-06-27 16:13:33|waiting for 13
2022-06-27 16:13:33|11 received
2022-06-27 16:13:33|waiting for 10
2022-06-27 16:13:39|9 received
2022-06-27 16:13:39|waiting for 29
2022-06-27 16:13:42|15 received
2022-06-27 16:13:42|waiting for 28
2022-06-27 16:13:48|27 received
2022-06-27 16:13:48|waiting for 18
2022-06-27 16:13:55|10 received
2022-06-27 16:13:55|waiting for 6
2022-06-27 16:13:55|13 received
2022-06-27 16:13:56|29 received
2022-06-27 16:13:58|28 received
2022-06-27 16:14:04|18 received
2022-06-27 16:14:13|6 received
2022-06-27 16:14:18|global epoch: 0, loss: 2.2843476911134357, acc: 0.15479999780654907
2022-06-27 16:14:18|waiting for 6
2022-06-27 16:14:18|waiting for 3
2022-06-27 16:14:18|waiting for 24
2022-06-27 16:14:18|waiting for 23
2022-06-27 16:14:20|waiting for 25
2022-06-27 16:14:38|23 received
2022-06-27 16:14:38|waiting for 21
2022-06-27 16:14:39|25 received
2022-06-27 16:14:39|waiting for 20
2022-06-27 16:14:40|24 received
2022-06-27 16:14:40|waiting for 16
2022-06-27 16:14:42|3 received
2022-06-27 16:14:42|waiting for 1
2022-06-27 16:14:43|6 received
2022-06-27 16:14:43|waiting for 28
2022-06-27 16:14:55|21 received
2022-06-27 16:14:55|waiting for 4
2022-06-27 16:14:55|20 received
2022-06-27 16:14:55|waiting for 17
2022-06-27 16:14:57|16 received
2022-06-27 16:14:57|waiting for 18
2022-06-27 16:15:00|28 received
2022-06-27 16:15:00|waiting for 22
2022-06-27 16:15:03|1 received
2022-06-27 16:15:03|waiting for 8
2022-06-27 16:15:12|17 received
2022-06-27 16:15:12|waiting for 9
2022-06-27 16:15:13|18 received
2022-06-27 16:15:13|waiting for 11
2022-06-27 16:15:16|4 received
2022-06-27 16:15:16|waiting for 5
2022-06-27 16:15:17|22 received
2022-06-27 16:15:17|waiting for 19
2022-06-27 16:15:24|8 received
2022-06-27 16:15:24|waiting for 29
2022-06-27 16:15:33|9 received
2022-06-27 16:15:33|waiting for 0
2022-06-27 16:15:33|19 received
2022-06-27 16:15:33|waiting for 10
2022-06-27 16:15:35|11 received
2022-06-27 16:15:35|waiting for 14
2022-06-27 16:15:37|5 received
2022-06-27 16:15:37|waiting for 26
2022-06-27 16:15:41|29 received
2022-06-27 16:15:41|waiting for 12
2022-06-27 16:15:54|0 received
2022-06-27 16:15:54|waiting for 7
2022-06-27 16:15:54|26 received
2022-06-27 16:15:54|waiting for 15
2022-06-27 16:15:55|10 received
2022-06-27 16:15:55|waiting for 13
2022-06-27 16:15:56|14 received
2022-06-27 16:15:56|waiting for 27
2022-06-27 16:16:03|12 received
2022-06-27 16:16:03|waiting for 2
2022-06-27 16:16:11|15 received
2022-06-27 16:16:13|27 received
2022-06-27 16:16:15|7 received
2022-06-27 16:16:17|13 received
2022-06-27 16:16:23|2 received
2022-06-27 16:16:29|global epoch: 1, loss: 2.166339008114006, acc: 0.4046500027179718
2022-06-27 16:16:29|waiting for 18
2022-06-27 16:16:29|waiting for 0
2022-06-27 16:16:30|waiting for 5
2022-06-27 16:16:30|waiting for 2
2022-06-27 16:16:30|waiting for 11
2022-06-27 16:16:45|18 received
2022-06-27 16:16:45|waiting for 28
2022-06-27 16:16:52|11 received
2022-06-27 16:16:52|waiting for 13
2022-06-27 16:16:52|5 received
2022-06-27 16:16:52|waiting for 22
2022-06-27 16:16:53|0 received
2022-06-27 16:16:53|waiting for 4
2022-06-27 16:16:53|2 received
2022-06-27 16:16:53|waiting for 16
2022-06-27 16:17:02|28 received
2022-06-27 16:17:02|waiting for 6
2022-06-27 16:17:08|22 received
2022-06-27 16:17:08|waiting for 10
2022-06-27 16:17:10|16 received
2022-06-27 16:17:10|waiting for 20
2022-06-27 16:17:13|13 received
2022-06-27 16:17:13|waiting for 12
2022-06-27 16:17:14|4 received
2022-06-27 16:17:14|waiting for 9
2022-06-27 16:17:23|6 received
2022-06-27 16:17:23|waiting for 8
2022-06-27 16:17:26|20 received
2022-06-27 16:17:26|waiting for 3
2022-06-27 16:17:30|10 received
2022-06-27 16:17:30|waiting for 26
2022-06-27 16:17:34|12 received
2022-06-27 16:17:34|waiting for 24
2022-06-27 16:17:36|9 received
2022-06-27 16:17:36|waiting for 29
2022-06-27 16:17:44|8 received
2022-06-27 16:17:44|waiting for 27
2022-06-27 16:17:47|26 received
2022-06-27 16:17:47|waiting for 21
2022-06-27 16:17:48|3 received
2022-06-27 16:17:48|waiting for 1
2022-06-27 16:17:51|24 received
2022-06-27 16:17:51|waiting for 19
2022-06-27 16:17:53|29 received
2022-06-27 16:17:53|waiting for 17
2022-06-27 16:18:01|27 received
2022-06-27 16:18:01|waiting for 23
2022-06-27 16:18:04|21 received
2022-06-27 16:18:04|waiting for 14
2022-06-27 16:18:09|19 received
2022-06-27 16:18:09|waiting for 7
2022-06-27 16:18:10|1 received
2022-06-27 16:18:10|waiting for 15
2022-06-27 16:18:11|17 received
2022-06-27 16:18:11|waiting for 25
2022-06-27 16:18:17|23 received
2022-06-27 16:18:24|14 received
2022-06-27 16:18:26|15 received
2022-06-27 16:18:27|25 received
2022-06-27 16:18:30|7 received
2022-06-27 16:18:35|global epoch: 2, loss: 1.49160228801679, acc: 0.609499990940094
2022-06-27 16:18:35|waiting for 5
2022-06-27 16:18:35|waiting for 22
2022-06-27 16:18:36|waiting for 15
2022-06-27 16:18:37|waiting for 9
2022-06-27 16:18:37|waiting for 16
2022-06-27 16:18:54|22 received
2022-06-27 16:18:54|waiting for 19
2022-06-27 16:18:56|16 received
2022-06-27 16:18:56|15 received
2022-06-27 16:18:56|waiting for 24
2022-06-27 16:18:56|waiting for 3
2022-06-27 16:18:59|5 received
2022-06-27 16:18:59|waiting for 11
2022-06-27 16:19:00|9 received
2022-06-27 16:19:00|waiting for 0
2022-06-27 16:19:10|19 received
2022-06-27 16:19:10|waiting for 4
2022-06-27 16:19:12|24 received
2022-06-27 16:19:12|waiting for 21
2022-06-27 16:19:18|3 received
2022-06-27 16:19:18|waiting for 27
2022-06-27 16:19:20|11 received
2022-06-27 16:19:20|waiting for 8
2022-06-27 16:19:21|0 received
2022-06-27 16:19:21|waiting for 13
2022-06-27 16:19:29|21 received
2022-06-27 16:19:29|waiting for 10
2022-06-27 16:19:31|4 received
2022-06-27 16:19:31|waiting for 6
2022-06-27 16:19:34|27 received
2022-06-27 16:19:34|waiting for 25
2022-06-27 16:19:41|8 received
2022-06-27 16:19:41|waiting for 12
2022-06-27 16:19:42|13 received
2022-06-27 16:19:42|waiting for 7
2022-06-27 16:19:50|10 received
2022-06-27 16:19:50|waiting for 29
2022-06-27 16:19:52|6 received
2022-06-27 16:19:52|waiting for 20
2022-06-27 16:19:53|25 received
2022-06-27 16:19:53|waiting for 18
2022-06-27 16:20:03|12 received
2022-06-27 16:20:03|waiting for 23
2022-06-27 16:20:04|7 received
2022-06-27 16:20:04|waiting for 17
2022-06-27 16:20:07|29 received
2022-06-27 16:20:07|waiting for 26
2022-06-27 16:20:08|20 received
2022-06-27 16:20:08|waiting for 1
2022-06-27 16:20:09|18 received
2022-06-27 16:20:09|waiting for 14
2022-06-27 16:20:19|23 received
2022-06-27 16:20:19|waiting for 28
2022-06-27 16:20:20|17 received
2022-06-27 16:20:20|waiting for 2
2022-06-27 16:20:24|26 received
2022-06-27 16:20:29|1 received
2022-06-27 16:20:30|14 received
2022-06-27 16:20:35|28 received
2022-06-27 16:20:40|2 received
2022-06-27 16:20:45|global epoch: 3, loss: 1.0091989119596119, acc: 0.7584499716758728
2022-06-27 16:20:45|waiting for 13
2022-06-27 16:20:45|waiting for 15
2022-06-27 16:20:45|waiting for 20
2022-06-27 16:20:45|waiting for 4
2022-06-27 16:20:45|waiting for 11
2022-06-27 16:21:02|20 received
2022-06-27 16:21:02|waiting for 10
2022-06-27 16:21:03|15 received
2022-06-27 16:21:03|waiting for 24
2022-06-27 16:21:08|13 received
2022-06-27 16:21:08|waiting for 26
2022-06-27 16:21:09|11 received
2022-06-27 16:21:09|waiting for 21
2022-06-27 16:21:11|4 received
2022-06-27 16:21:11|waiting for 23
2022-06-27 16:21:19|24 received
2022-06-27 16:21:19|waiting for 8
2022-06-27 16:21:23|10 received
2022-06-27 16:21:23|waiting for 19
2022-06-27 16:21:24|26 received
2022-06-27 16:21:24|waiting for 14
2022-06-27 16:21:26|21 received
2022-06-27 16:21:26|waiting for 25
2022-06-27 16:21:28|23 received
2022-06-27 16:21:28|waiting for 2
2022-06-27 16:21:40|8 received
2022-06-27 16:21:40|waiting for 17
2022-06-27 16:21:41|19 received
2022-06-27 16:21:41|waiting for 12
2022-06-27 16:21:43|25 received
2022-06-27 16:21:43|waiting for 7
2022-06-27 16:21:45|14 received
2022-06-27 16:21:45|waiting for 29
2022-06-27 16:21:49|2 received
2022-06-27 16:21:49|waiting for 28
2022-06-27 16:21:56|17 received
2022-06-27 16:21:56|waiting for 9
2022-06-27 16:22:02|29 received
2022-06-27 16:22:02|waiting for 1
2022-06-27 16:22:02|12 received
2022-06-27 16:22:02|waiting for 0
2022-06-27 16:22:04|7 received
2022-06-27 16:22:04|waiting for 16
2022-06-27 16:22:06|28 received
2022-06-27 16:22:06|waiting for 27
2022-06-27 16:22:16|9 received
2022-06-27 16:22:16|waiting for 18
2022-06-27 16:22:21|16 received
2022-06-27 16:22:21|waiting for 5
2022-06-27 16:22:23|1 received
2022-06-27 16:22:23|waiting for 6
2022-06-27 16:22:23|27 received
2022-06-27 16:22:23|waiting for 3
2022-06-27 16:22:24|0 received
2022-06-27 16:22:24|waiting for 22
2022-06-27 16:22:33|18 received
2022-06-27 16:22:40|22 received
2022-06-27 16:22:41|5 received
2022-06-27 16:22:44|6 received
2022-06-27 16:22:45|3 received
2022-06-27 16:22:50|global epoch: 4, loss: 0.5690903960951145, acc: 0.8245999813079834
2022-06-27 16:22:50|waiting for 17
2022-06-27 16:22:50|waiting for 10
2022-06-27 16:22:51|waiting for 26
2022-06-27 16:22:52|waiting for 5
2022-06-27 16:22:52|waiting for 25
2022-06-27 16:23:09|25 received
2022-06-27 16:23:09|waiting for 4
2022-06-27 16:23:09|17 received
2022-06-27 16:23:09|waiting for 9
2022-06-27 16:23:09|26 received
2022-06-27 16:23:09|waiting for 13
2022-06-27 16:23:15|5 received
2022-06-27 16:23:15|waiting for 16
2022-06-27 16:23:16|10 received
2022-06-27 16:23:16|waiting for 6
2022-06-27 16:23:30|4 received
2022-06-27 16:23:30|waiting for 7
2022-06-27 16:23:30|9 received
2022-06-27 16:23:30|waiting for 20
2022-06-27 16:23:32|13 received
2022-06-27 16:23:32|waiting for 23
2022-06-27 16:23:33|16 received
2022-06-27 16:23:33|waiting for 14
2022-06-27 16:23:37|6 received
2022-06-27 16:23:37|waiting for 12
2022-06-27 16:23:47|20 received
2022-06-27 16:23:47|waiting for 29
2022-06-27 16:23:49|23 received
2022-06-27 16:23:49|waiting for 18
2022-06-27 16:23:50|7 received
2022-06-27 16:23:50|waiting for 21
2022-06-27 16:23:54|14 received
2022-06-27 16:23:54|waiting for 22
2022-06-27 16:23:58|12 received
2022-06-27 16:23:58|waiting for 27
2022-06-27 16:24:04|29 received
2022-06-27 16:24:04|waiting for 8
2022-06-27 16:24:05|18 received
2022-06-27 16:24:05|waiting for 11
2022-06-27 16:24:07|21 received
2022-06-27 16:24:07|waiting for 2
2022-06-27 16:24:10|22 received
2022-06-27 16:24:10|waiting for 19
2022-06-27 16:24:15|27 received
2022-06-27 16:24:15|waiting for 1
2022-06-27 16:24:25|8 received
2022-06-27 16:24:25|waiting for 24
2022-06-27 16:24:27|11 received
2022-06-27 16:24:27|waiting for 28
2022-06-27 16:24:28|19 received
2022-06-27 16:24:28|waiting for 3
2022-06-27 16:24:29|2 received
2022-06-27 16:24:29|waiting for 15
2022-06-27 16:24:36|1 received
2022-06-27 16:24:36|waiting for 0
2022-06-27 16:24:42|24 received
2022-06-27 16:24:43|28 received
2022-06-27 16:24:45|15 received
2022-06-27 16:24:49|3 received
2022-06-27 16:24:57|0 received
2022-06-27 16:25:02|global epoch: 5, loss: 0.5137083158368552, acc: 0.8528000116348267
2022-06-27 16:25:02|waiting for 16
2022-06-27 16:25:02|waiting for 21
2022-06-27 16:25:02|waiting for 28
2022-06-27 16:25:02|waiting for 17
2022-06-27 16:25:02|waiting for 5
2022-06-27 16:25:22|21 received
2022-06-27 16:25:22|waiting for 23
2022-06-27 16:25:23|17 received
2022-06-27 16:25:23|waiting for 20
2022-06-27 16:25:24|16 received
2022-06-27 16:25:24|waiting for 11
2022-06-27 16:25:24|28 received
2022-06-27 16:25:25|waiting for 26
2022-06-27 16:25:27|5 received
2022-06-27 16:25:27|waiting for 27
2022-06-27 16:25:38|23 received
2022-06-27 16:25:38|waiting for 8
2022-06-27 16:25:39|20 received
2022-06-27 16:25:39|waiting for 9
2022-06-27 16:25:41|26 received
2022-06-27 16:25:41|waiting for 6
2022-06-27 16:25:44|27 received
2022-06-27 16:25:44|waiting for 29
2022-06-27 16:25:46|11 received
2022-06-27 16:25:46|waiting for 3
2022-06-27 16:25:58|8 received
2022-06-27 16:25:58|waiting for 10
2022-06-27 16:26:00|9 received
2022-06-27 16:26:00|waiting for 2
2022-06-27 16:26:01|29 received
2022-06-27 16:26:01|waiting for 13
2022-06-27 16:26:02|6 received
2022-06-27 16:26:02|waiting for 22
2022-06-27 16:26:07|3 received
2022-06-27 16:26:07|waiting for 0
2022-06-27 16:26:19|22 received
2022-06-27 16:26:19|waiting for 14
2022-06-27 16:26:20|10 received
2022-06-27 16:26:20|waiting for 19
2022-06-27 16:26:22|2 received
2022-06-27 16:26:22|waiting for 24
2022-06-27 16:26:23|13 received
2022-06-27 16:26:23|waiting for 18
2022-06-27 16:26:27|0 received
2022-06-27 16:26:27|waiting for 4
2022-06-27 16:26:37|19 received
2022-06-27 16:26:37|waiting for 7
2022-06-27 16:26:38|24 received
2022-06-27 16:26:38|waiting for 12
2022-06-27 16:26:39|14 received
2022-06-27 16:26:39|waiting for 15
2022-06-27 16:26:40|18 received
2022-06-27 16:26:40|waiting for 1
2022-06-27 16:26:48|4 received
2022-06-27 16:26:48|waiting for 25
2022-06-27 16:26:55|15 received
2022-06-27 16:26:58|7 received
2022-06-27 16:26:59|12 received
2022-06-27 16:27:01|1 received
2022-06-27 16:27:04|25 received
2022-06-27 16:27:09|global epoch: 6, loss: 0.49023594299354883, acc: 0.8560500144958496
2022-06-27 16:27:09|waiting for 20
2022-06-27 16:27:09|waiting for 19
2022-06-27 16:27:11|waiting for 26
2022-06-27 16:27:11|waiting for 29
2022-06-27 16:27:11|waiting for 11
2022-06-27 16:27:28|19 received
2022-06-27 16:27:28|waiting for 4
2022-06-27 16:27:28|20 received
2022-06-27 16:27:28|waiting for 25
2022-06-27 16:27:29|29 received
2022-06-27 16:27:29|waiting for 21
2022-06-27 16:27:31|26 received
2022-06-27 16:27:31|waiting for 6
2022-06-27 16:27:33|11 received
2022-06-27 16:27:33|waiting for 9
2022-06-27 16:27:44|25 received
2022-06-27 16:27:44|waiting for 22
2022-06-27 16:27:46|21 received
2022-06-27 16:27:46|waiting for 17
2022-06-27 16:27:48|4 received
2022-06-27 16:27:48|waiting for 12
2022-06-27 16:27:51|6 received
2022-06-27 16:27:51|waiting for 1
2022-06-27 16:27:54|9 received
2022-06-27 16:27:54|waiting for 23
2022-06-27 16:28:01|22 received
2022-06-27 16:28:01|waiting for 3
2022-06-27 16:28:02|17 received
2022-06-27 16:28:02|waiting for 7
2022-06-27 16:28:09|12 received
2022-06-27 16:28:09|waiting for 13
2022-06-27 16:28:11|23 received
2022-06-27 16:28:11|waiting for 15
2022-06-27 16:28:12|1 received
2022-06-27 16:28:12|waiting for 10
2022-06-27 16:28:22|3 received
2022-06-27 16:28:22|waiting for 16
2022-06-27 16:28:23|7 received
2022-06-27 16:28:23|waiting for 5
2022-06-27 16:28:27|15 received
2022-06-27 16:28:27|waiting for 18
2022-06-27 16:28:30|13 received
2022-06-27 16:28:30|waiting for 14
2022-06-27 16:28:33|10 received
2022-06-27 16:28:33|waiting for 28
2022-06-27 16:28:38|16 received
2022-06-27 16:28:38|waiting for 24
2022-06-27 16:28:43|5 received
2022-06-27 16:28:43|waiting for 0
2022-06-27 16:28:44|18 received
2022-06-27 16:28:44|waiting for 8
2022-06-27 16:28:49|28 received
2022-06-27 16:28:49|waiting for 27
2022-06-27 16:28:51|14 received
2022-06-27 16:28:51|waiting for 2
2022-06-27 16:28:55|24 received
2022-06-27 16:29:04|0 received
2022-06-27 16:29:04|8 received
2022-06-27 16:29:05|27 received
2022-06-27 16:29:10|2 received
2022-06-27 16:29:15|global epoch: 7, loss: 0.39822647349225193, acc: 0.8838000297546387
2022-06-27 16:29:15|waiting for 8
2022-06-27 16:29:15|waiting for 29
2022-06-27 16:29:15|waiting for 28
2022-06-27 16:29:15|waiting for 6
2022-06-27 16:29:17|waiting for 3
2022-06-27 16:29:32|28 received
2022-06-27 16:29:32|waiting for 4
2022-06-27 16:29:33|29 received
2022-06-27 16:29:33|waiting for 14
2022-06-27 16:29:38|8 received
2022-06-27 16:29:38|waiting for 1
2022-06-27 16:29:38|3 received
2022-06-27 16:29:38|waiting for 19
2022-06-27 16:29:40|6 received
2022-06-27 16:29:40|waiting for 25
2022-06-27 16:29:53|14 received
2022-06-27 16:29:53|waiting for 13
2022-06-27 16:29:53|4 received
2022-06-27 16:29:53|waiting for 0
2022-06-27 16:29:55|19 received
2022-06-27 16:29:55|waiting for 9
2022-06-27 16:29:56|25 received
2022-06-27 16:29:56|waiting for 15
2022-06-27 16:29:58|1 received
2022-06-27 16:29:58|waiting for 5
2022-06-27 16:30:12|15 received
2022-06-27 16:30:12|waiting for 26
2022-06-27 16:30:13|13 received
2022-06-27 16:30:13|waiting for 16
2022-06-27 16:30:15|0 received
2022-06-27 16:30:15|waiting for 20
2022-06-27 16:30:16|9 received
2022-06-27 16:30:16|waiting for 23
2022-06-27 16:30:18|5 received
2022-06-27 16:30:18|waiting for 27
2022-06-27 16:30:28|26 received
2022-06-27 16:30:28|waiting for 11
2022-06-27 16:30:30|16 received
2022-06-27 16:30:30|waiting for 17
2022-06-27 16:30:31|20 received
2022-06-27 16:30:31|waiting for 10
2022-06-27 16:30:32|23 received
2022-06-27 16:30:32|waiting for 7
2022-06-27 16:30:34|27 received
2022-06-27 16:30:34|waiting for 18
2022-06-27 16:30:46|17 received
2022-06-27 16:30:46|waiting for 2
2022-06-27 16:30:48|11 received
2022-06-27 16:30:48|waiting for 21
2022-06-27 16:30:51|18 received
2022-06-27 16:30:51|waiting for 24
2022-06-27 16:30:52|10 received
2022-06-27 16:30:52|waiting for 22
2022-06-27 16:30:54|7 received
2022-06-27 16:30:54|waiting for 12
2022-06-27 16:31:04|21 received
2022-06-27 16:31:07|2 received
2022-06-27 16:31:07|24 received
2022-06-27 16:31:08|22 received
2022-06-27 16:31:13|12 received
2022-06-27 16:31:18|global epoch: 8, loss: 0.41341025231456197, acc: 0.8804500102996826
2022-06-27 16:31:18|waiting for 5
2022-06-27 16:31:18|waiting for 3
2022-06-27 16:31:18|waiting for 7
2022-06-27 16:31:18|waiting for 17
2022-06-27 16:31:18|waiting for 20
2022-06-27 16:31:35|20 received
2022-06-27 16:31:35|waiting for 28
2022-06-27 16:31:37|17 received
2022-06-27 16:31:37|waiting for 16
2022-06-27 16:31:40|7 received
2022-06-27 16:31:40|waiting for 19
2022-06-27 16:31:42|5 received
2022-06-27 16:31:42|waiting for 26
2022-06-27 16:31:43|3 received
2022-06-27 16:31:43|waiting for 1
2022-06-27 16:31:52|28 received
2022-06-27 16:31:52|waiting for 9
2022-06-27 16:31:53|16 received
2022-06-27 16:31:53|waiting for 0
2022-06-27 16:31:57|19 received
2022-06-27 16:31:57|waiting for 11
2022-06-27 16:31:59|26 received
2022-06-27 16:31:59|waiting for 2
2022-06-27 16:32:04|1 received
2022-06-27 16:32:04|waiting for 8
2022-06-27 16:32:13|0 received
2022-06-27 16:32:13|waiting for 13
2022-06-27 16:32:13|9 received
2022-06-27 16:32:13|waiting for 22
2022-06-27 16:32:17|11 received
2022-06-27 16:32:17|waiting for 6
2022-06-27 16:32:19|2 received
2022-06-27 16:32:19|waiting for 23
2022-06-27 16:32:24|8 received
2022-06-27 16:32:24|waiting for 21
2022-06-27 16:32:30|22 received
2022-06-27 16:32:30|waiting for 4
2022-06-27 16:32:33|13 received
2022-06-27 16:32:33|waiting for 25
2022-06-27 16:32:35|23 received
2022-06-27 16:32:35|waiting for 29
2022-06-27 16:32:38|6 received
2022-06-27 16:32:38|waiting for 18
2022-06-27 16:32:41|21 received
2022-06-27 16:32:41|waiting for 15
2022-06-27 16:32:49|25 received
2022-06-27 16:32:49|waiting for 10
2022-06-27 16:32:51|4 received
2022-06-27 16:32:51|waiting for 24
2022-06-27 16:32:52|29 received
2022-06-27 16:32:52|waiting for 12
2022-06-27 16:32:54|18 received
2022-06-27 16:32:54|waiting for 27
2022-06-27 16:32:57|15 received
2022-06-27 16:32:57|waiting for 14
2022-06-27 16:33:07|24 received
2022-06-27 16:33:10|10 received
2022-06-27 16:33:11|27 received
2022-06-27 16:33:12|12 received
2022-06-27 16:33:17|14 received
2022-06-27 16:33:22|global epoch: 9, loss: 0.4096744482273227, acc: 0.8852999806404114
2022-06-27 16:33:22|waiting for 4
2022-06-27 16:33:22|waiting for 28
2022-06-27 16:33:22|waiting for 26
2022-06-27 16:33:24|waiting for 10
2022-06-27 16:33:24|waiting for 19
2022-06-27 16:33:41|26 received
2022-06-27 16:33:41|waiting for 13
2022-06-27 16:33:41|19 received
2022-06-27 16:33:41|waiting for 23
2022-06-27 16:33:42|28 received
2022-06-27 16:33:42|waiting for 20
2022-06-27 16:33:46|10 received
2022-06-27 16:33:46|waiting for 8
2022-06-27 16:33:47|4 received
2022-06-27 16:33:47|waiting for 16
2022-06-27 16:33:58|23 received
2022-06-27 16:33:58|waiting for 2
2022-06-27 16:33:59|20 received
2022-06-27 16:33:59|waiting for 7
2022-06-27 16:34:01|13 received
2022-06-27 16:34:01|waiting for 25
2022-06-27 16:34:03|16 received
2022-06-27 16:34:03|waiting for 24
2022-06-27 16:34:07|8 received
2022-06-27 16:34:07|waiting for 11
2022-06-27 16:34:17|25 received
2022-06-27 16:34:17|waiting for 3
2022-06-27 16:34:19|2 received
2022-06-27 16:34:19|waiting for 6
2022-06-27 16:34:19|7 received
2022-06-27 16:34:19|waiting for 27
2022-06-27 16:34:21|24 received
2022-06-27 16:34:21|waiting for 18
2022-06-27 16:34:27|11 received
2022-06-27 16:34:27|waiting for 14
2022-06-27 16:34:36|27 received
2022-06-27 16:34:36|waiting for 15
2022-06-27 16:34:37|18 received
2022-06-27 16:34:37|waiting for 12
2022-06-27 16:34:38|3 received
2022-06-27 16:34:38|waiting for 29
2022-06-27 16:34:39|6 received
2022-06-27 16:34:39|waiting for 9
2022-06-27 16:34:47|14 received
2022-06-27 16:34:47|waiting for 21
2022-06-27 16:34:52|15 received
2022-06-27 16:34:52|waiting for 22
2022-06-27 16:34:54|29 received
2022-06-27 16:34:54|waiting for 5
2022-06-27 16:34:58|12 received
2022-06-27 16:34:58|waiting for 17
2022-06-27 16:35:00|9 received
2022-06-27 16:35:00|waiting for 0
2022-06-27 16:35:04|21 received
2022-06-27 16:35:04|waiting for 1
2022-06-27 16:35:09|22 received
2022-06-27 16:35:14|5 received
2022-06-27 16:35:15|17 received
2022-06-27 16:35:20|0 received
2022-06-27 16:35:23|1 received
2022-06-27 16:35:27|global epoch: 10, loss: 0.35090234438311074, acc: 0.8998000025749207
2022-06-27 16:35:27|waiting for 2
2022-06-27 16:35:27|waiting for 22
2022-06-27 16:35:27|waiting for 23
2022-06-27 16:35:27|waiting for 18
2022-06-27 16:35:30|waiting for 6
2022-06-27 16:35:46|22 received
2022-06-27 16:35:46|waiting for 12
2022-06-27 16:35:46|18 received
2022-06-27 16:35:46|waiting for 26
2022-06-27 16:35:48|23 received
2022-06-27 16:35:48|waiting for 0
2022-06-27 16:35:51|2 received
2022-06-27 16:35:51|waiting for 17
2022-06-27 16:35:53|6 received
2022-06-27 16:35:53|waiting for 8
2022-06-27 16:36:03|26 received
2022-06-27 16:36:03|waiting for 19
2022-06-27 16:36:07|12 received
2022-06-27 16:36:07|waiting for 10
2022-06-27 16:36:08|0 received
2022-06-27 16:36:08|waiting for 15
2022-06-27 16:36:09|17 received
2022-06-27 16:36:09|waiting for 9
2022-06-27 16:36:13|8 received
2022-06-27 16:36:13|waiting for 16
2022-06-27 16:36:19|19 received
2022-06-27 16:36:19|waiting for 1
2022-06-27 16:36:24|15 received
2022-06-27 16:36:24|waiting for 13
2022-06-27 16:36:28|10 received
2022-06-27 16:36:28|waiting for 21
2022-06-27 16:36:29|16 received
2022-06-27 16:36:29|waiting for 24
2022-06-27 16:36:31|9 received
2022-06-27 16:36:31|waiting for 7
2022-06-27 16:36:39|1 received
2022-06-27 16:36:39|waiting for 28
2022-06-27 16:36:44|21 received
2022-06-27 16:36:44|waiting for 29
2022-06-27 16:36:45|13 received
2022-06-27 16:36:45|waiting for 25
2022-06-27 16:36:46|24 received
2022-06-27 16:36:46|waiting for 3
2022-06-27 16:36:52|7 received
2022-06-27 16:36:52|waiting for 4
2022-06-27 16:36:55|28 received
2022-06-27 16:36:55|waiting for 5
2022-06-27 16:37:00|29 received
2022-06-27 16:37:00|waiting for 27
2022-06-27 16:37:02|25 received
2022-06-27 16:37:02|waiting for 11
2022-06-27 16:37:08|3 received
2022-06-27 16:37:08|waiting for 20
2022-06-27 16:37:13|4 received
2022-06-27 16:37:13|waiting for 14
2022-06-27 16:37:16|5 received
2022-06-27 16:37:16|27 received
2022-06-27 16:37:22|11 received
2022-06-27 16:37:24|20 received
2022-06-27 16:37:32|14 received
2022-06-27 16:37:36|global epoch: 11, loss: 0.3476909818595623, acc: 0.901449978351593
2022-06-27 16:37:36|waiting for 22
2022-06-27 16:37:36|waiting for 12
2022-06-27 16:37:36|waiting for 1
2022-06-27 16:37:37|waiting for 28
2022-06-27 16:37:37|waiting for 6
2022-06-27 16:37:54|22 received
2022-06-27 16:37:54|waiting for 15
2022-06-27 16:37:55|28 received
2022-06-27 16:37:55|waiting for 24
2022-06-27 16:37:59|6 received
2022-06-27 16:37:59|waiting for 20
2022-06-27 16:38:01|12 received
2022-06-27 16:38:01|waiting for 0
2022-06-27 16:38:01|1 received
2022-06-27 16:38:01|waiting for 5
2022-06-27 16:38:10|15 received
2022-06-27 16:38:10|waiting for 16
2022-06-27 16:38:12|24 received
2022-06-27 16:38:12|waiting for 2
2022-06-27 16:38:15|20 received
2022-06-27 16:38:15|waiting for 18
2022-06-27 16:38:21|0 received
2022-06-27 16:38:21|waiting for 13
2022-06-27 16:38:22|5 received
2022-06-27 16:38:22|waiting for 4
2022-06-27 16:38:27|16 received
2022-06-27 16:38:27|waiting for 29
2022-06-27 16:38:33|2 received
2022-06-27 16:38:33|waiting for 10
2022-06-27 16:38:33|18 received
2022-06-27 16:38:33|waiting for 8
2022-06-27 16:38:43|4 received
2022-06-27 16:38:43|waiting for 19
2022-06-27 16:38:44|13 received
2022-06-27 16:38:44|waiting for 21
2022-06-27 16:38:46|29 received
2022-06-27 16:38:46|waiting for 11
2022-06-27 16:38:53|8 received
2022-06-27 16:38:53|waiting for 7
2022-06-27 16:38:53|10 received
2022-06-27 16:38:53|waiting for 23
2022-06-27 16:38:59|19 received
2022-06-27 16:38:59|waiting for 27
2022-06-27 16:39:01|21 received
2022-06-27 16:39:01|waiting for 9
2022-06-27 16:39:06|11 received
2022-06-27 16:39:06|waiting for 14
2022-06-27 16:39:10|23 received
2022-06-27 16:39:10|waiting for 25
2022-06-27 16:39:13|7 received
2022-06-27 16:39:13|waiting for 26
2022-06-27 16:39:16|27 received
2022-06-27 16:39:16|waiting for 3
2022-06-27 16:39:21|9 received
2022-06-27 16:39:21|waiting for 17
2022-06-27 16:39:26|25 received
2022-06-27 16:39:27|14 received
2022-06-27 16:39:29|26 received
2022-06-27 16:39:36|3 received
2022-06-27 16:39:37|17 received
2022-06-27 16:39:42|global epoch: 12, loss: 0.32853645608536425, acc: 0.9073500037193298
2022-06-27 16:39:42|waiting for 3
2022-06-27 16:39:42|waiting for 17
2022-06-27 16:39:42|waiting for 1
2022-06-27 16:39:42|waiting for 7
2022-06-27 16:39:42|waiting for 24
2022-06-27 16:40:01|24 received
2022-06-27 16:40:01|waiting for 8
2022-06-27 16:40:01|17 received
2022-06-27 16:40:01|waiting for 23
2022-06-27 16:40:05|3 received
2022-06-27 16:40:05|waiting for 2
2022-06-27 16:40:06|7 received
2022-06-27 16:40:06|waiting for 0
2022-06-27 16:40:06|1 received
2022-06-27 16:40:06|waiting for 13
2022-06-27 16:40:18|23 received
2022-06-27 16:40:18|waiting for 27
2022-06-27 16:40:21|8 received
2022-06-27 16:40:21|waiting for 19
2022-06-27 16:40:26|0 received
2022-06-27 16:40:26|waiting for 5
2022-06-27 16:40:26|2 received
2022-06-27 16:40:26|waiting for 21
2022-06-27 16:40:28|13 received
2022-06-27 16:40:28|waiting for 26
2022-06-27 16:40:34|27 received
2022-06-27 16:40:34|waiting for 4
2022-06-27 16:40:37|19 received
2022-06-27 16:40:37|waiting for 20
2022-06-27 16:40:43|21 received
2022-06-27 16:40:43|waiting for 14
2022-06-27 16:40:44|26 received
2022-06-27 16:40:44|waiting for 11
2022-06-27 16:40:47|5 received
2022-06-27 16:40:47|waiting for 22
2022-06-27 16:40:53|20 received
2022-06-27 16:40:53|waiting for 10
2022-06-27 16:40:55|4 received
2022-06-27 16:40:55|waiting for 9
2022-06-27 16:41:03|22 received
2022-06-27 16:41:03|waiting for 16
2022-06-27 16:41:05|11 received
2022-06-27 16:41:05|waiting for 18
2022-06-27 16:41:06|14 received
2022-06-27 16:41:06|waiting for 28
2022-06-27 16:41:13|10 received
2022-06-27 16:41:13|waiting for 6
2022-06-27 16:41:16|9 received
2022-06-27 16:41:16|waiting for 15
2022-06-27 16:41:20|16 received
2022-06-27 16:41:20|waiting for 29
2022-06-27 16:41:21|18 received
2022-06-27 16:41:21|waiting for 25
2022-06-27 16:41:23|28 received
2022-06-27 16:41:23|waiting for 12
2022-06-27 16:41:32|15 received
2022-06-27 16:41:34|6 received
2022-06-27 16:41:36|29 received
2022-06-27 16:41:38|25 received
2022-06-27 16:41:42|12 received
2022-06-27 16:41:47|global epoch: 13, loss: 0.33281588647072496, acc: 0.9055500030517578
2022-06-27 16:41:47|waiting for 7
2022-06-27 16:41:47|waiting for 6
2022-06-27 16:41:47|waiting for 5
2022-06-27 16:41:47|waiting for 24
2022-06-27 16:41:47|waiting for 29
2022-06-27 16:42:05|24 received
2022-06-27 16:42:05|waiting for 28
2022-06-27 16:42:06|29 received
2022-06-27 16:42:06|waiting for 1
2022-06-27 16:42:10|6 received
2022-06-27 16:42:10|waiting for 16
2022-06-27 16:42:12|7 received
2022-06-27 16:42:12|waiting for 17
2022-06-27 16:42:13|5 received
2022-06-27 16:42:13|waiting for 21
2022-06-27 16:42:21|28 received
2022-06-27 16:42:21|waiting for 9
2022-06-27 16:42:26|1 received
2022-06-27 16:42:26|waiting for 23
2022-06-27 16:42:28|16 received
2022-06-27 16:42:28|waiting for 18
2022-06-27 16:42:29|21 received
2022-06-27 16:42:29|waiting for 13
2022-06-27 16:42:29|17 received
2022-06-27 16:42:29|waiting for 25
2022-06-27 16:42:42|9 received
2022-06-27 16:42:42|waiting for 11
2022-06-27 16:42:43|23 received
2022-06-27 16:42:43|waiting for 14
2022-06-27 16:42:44|18 received
2022-06-27 16:42:44|waiting for 2
2022-06-27 16:42:46|25 received
2022-06-27 16:42:46|waiting for 10
2022-06-27 16:42:50|13 received
2022-06-27 16:42:50|waiting for 4
2022-06-27 16:43:03|11 received
2022-06-27 16:43:03|waiting for 3
2022-06-27 16:43:04|14 received
2022-06-27 16:43:04|waiting for 19
2022-06-27 16:43:05|2 received
2022-06-27 16:43:05|waiting for 20
2022-06-27 16:43:07|10 received
2022-06-27 16:43:07|waiting for 12
2022-06-27 16:43:10|4 received
2022-06-27 16:43:10|waiting for 15
2022-06-27 16:43:20|19 received
2022-06-27 16:43:20|waiting for 0
2022-06-27 16:43:22|20 received
2022-06-27 16:43:22|waiting for 8
2022-06-27 16:43:23|3 received
2022-06-27 16:43:23|waiting for 26
2022-06-27 16:43:27|15 received
2022-06-27 16:43:27|waiting for 27
2022-06-27 16:43:28|12 received
2022-06-27 16:43:28|waiting for 22
2022-06-27 16:43:40|26 received
2022-06-27 16:43:41|0 received
2022-06-27 16:43:42|8 received
2022-06-27 16:43:43|27 received
2022-06-27 16:43:45|22 received
2022-06-27 16:43:50|global epoch: 14, loss: 0.2972137140606742, acc: 0.9178000092506409
2022-06-27 16:43:50|waiting for 13
2022-06-27 16:43:50|waiting for 6
2022-06-27 16:43:50|waiting for 9
2022-06-27 16:43:50|waiting for 27
2022-06-27 16:43:50|waiting for 25
2022-06-27 16:44:07|27 received
2022-06-27 16:44:07|waiting for 14
2022-06-27 16:44:08|25 received
2022-06-27 16:44:08|waiting for 7
2022-06-27 16:44:12|9 received
2022-06-27 16:44:12|waiting for 5
2022-06-27 16:44:12|13 received
2022-06-27 16:44:12|waiting for 19
2022-06-27 16:44:14|6 received
2022-06-27 16:44:14|waiting for 10
2022-06-27 16:44:27|14 received
2022-06-27 16:44:27|waiting for 21
2022-06-27 16:44:29|19 received
2022-06-27 16:44:29|waiting for 4
2022-06-27 16:44:29|7 received
2022-06-27 16:44:29|waiting for 1
2022-06-27 16:44:33|5 received
2022-06-27 16:44:33|waiting for 0
2022-06-27 16:44:34|10 received
2022-06-27 16:44:34|waiting for 18
2022-06-27 16:44:43|21 received
2022-06-27 16:44:43|waiting for 15
2022-06-27 16:44:50|1 received
2022-06-27 16:44:50|waiting for 23
2022-06-27 16:44:51|4 received
2022-06-27 16:44:51|waiting for 17
2022-06-27 16:44:53|18 received
2022-06-27 16:44:53|waiting for 2
2022-06-27 16:44:53|0 received
2022-06-27 16:44:53|waiting for 22
2022-06-27 16:45:00|15 received
2022-06-27 16:45:00|waiting for 11
2022-06-27 16:45:06|23 received
2022-06-27 16:45:06|waiting for 12
2022-06-27 16:45:08|17 received
2022-06-27 16:45:08|waiting for 29
2022-06-27 16:45:10|22 received
2022-06-27 16:45:10|waiting for 28
2022-06-27 16:45:13|2 received
2022-06-27 16:45:13|waiting for 24
2022-06-27 16:45:20|11 received
2022-06-27 16:45:20|waiting for 16
2022-06-27 16:45:24|29 received
2022-06-27 16:45:24|waiting for 20
2022-06-27 16:45:26|28 received
2022-06-27 16:45:26|waiting for 3
2022-06-27 16:45:27|12 received
2022-06-27 16:45:27|waiting for 8
2022-06-27 16:45:29|24 received
2022-06-27 16:45:29|waiting for 26
2022-06-27 16:45:37|16 received
2022-06-27 16:45:40|20 received
2022-06-27 16:45:46|3 received
2022-06-27 16:45:46|26 received
2022-06-27 16:45:47|8 received
2022-06-27 16:45:52|global epoch: 15, loss: 0.3106956721793365, acc: 0.9171500205993652
2022-06-27 16:45:52|waiting for 20
2022-06-27 16:45:52|waiting for 26
2022-06-27 16:45:52|waiting for 22
2022-06-27 16:45:52|waiting for 28
2022-06-27 16:45:53|waiting for 27
2022-06-27 16:46:12|20 received
2022-06-27 16:46:12|waiting for 5
2022-06-27 16:46:13|28 received
2022-06-27 16:46:13|waiting for 13
2022-06-27 16:46:13|26 received
2022-06-27 16:46:13|waiting for 1
2022-06-27 16:46:13|27 received
2022-06-27 16:46:13|waiting for 3
2022-06-27 16:46:14|22 received
2022-06-27 16:46:14|waiting for 16
2022-06-27 16:46:30|16 received
2022-06-27 16:46:30|waiting for 29
2022-06-27 16:46:32|5 received
2022-06-27 16:46:32|waiting for 18
2022-06-27 16:46:34|1 received
2022-06-27 16:46:34|waiting for 4
2022-06-27 16:46:35|13 received
2022-06-27 16:46:35|waiting for 15
2022-06-27 16:46:36|3 received
2022-06-27 16:46:36|waiting for 25
2022-06-27 16:46:47|29 received
2022-06-27 16:46:47|waiting for 11
2022-06-27 16:46:49|18 received
2022-06-27 16:46:49|waiting for 24
2022-06-27 16:46:51|15 received
2022-06-27 16:46:51|waiting for 14
2022-06-27 16:46:52|25 received
2022-06-27 16:46:52|waiting for 10
2022-06-27 16:46:55|4 received
2022-06-27 16:46:55|waiting for 8
2022-06-27 16:47:05|24 received
2022-06-27 16:47:05|waiting for 12
2022-06-27 16:47:08|11 received
2022-06-27 16:47:08|waiting for 2
2022-06-27 16:47:13|14 received
2022-06-27 16:47:13|waiting for 17
2022-06-27 16:47:14|10 received
2022-06-27 16:47:14|waiting for 23
2022-06-27 16:47:17|8 received
2022-06-27 16:47:17|waiting for 19
2022-06-27 16:47:26|12 received
2022-06-27 16:47:26|waiting for 9
2022-06-27 16:47:28|2 received
2022-06-27 16:47:28|waiting for 6
2022-06-27 16:47:30|17 received
2022-06-27 16:47:30|waiting for 21
2022-06-27 16:47:32|23 received
2022-06-27 16:47:32|waiting for 7
2022-06-27 16:47:33|19 received
2022-06-27 16:47:33|waiting for 0
2022-06-27 16:47:46|9 received
2022-06-27 16:47:47|21 received
2022-06-27 16:47:49|6 received
2022-06-27 16:47:53|7 received
2022-06-27 16:47:54|0 received
2022-06-27 16:47:59|global epoch: 16, loss: 0.2738125667269224, acc: 0.9259499907493591
2022-06-27 16:47:59|waiting for 16
2022-06-27 16:47:59|waiting for 14
2022-06-27 16:48:00|waiting for 0
2022-06-27 16:48:00|waiting for 17
2022-06-27 16:48:00|waiting for 5
2022-06-27 16:48:17|17 received
2022-06-27 16:48:17|waiting for 20
2022-06-27 16:48:18|16 received
2022-06-27 16:48:18|waiting for 18
2022-06-27 16:48:21|14 received
2022-06-27 16:48:21|waiting for 23
2022-06-27 16:48:23|0 received
2022-06-27 16:48:23|waiting for 11
2022-06-27 16:48:23|5 received
2022-06-27 16:48:23|waiting for 1
2022-06-27 16:48:33|20 received
2022-06-27 16:48:33|waiting for 3
2022-06-27 16:48:34|18 received
2022-06-27 16:48:34|waiting for 13
2022-06-27 16:48:38|23 received
2022-06-27 16:48:38|waiting for 22
2022-06-27 16:48:44|11 received
2022-06-27 16:48:44|waiting for 12
2022-06-27 16:48:44|1 received
2022-06-27 16:48:44|waiting for 24
2022-06-27 16:48:54|3 received
2022-06-27 16:48:54|waiting for 29
2022-06-27 16:48:56|13 received
2022-06-27 16:48:56|waiting for 27
2022-06-27 16:48:57|22 received
2022-06-27 16:48:57|waiting for 21
2022-06-27 16:49:00|24 received
2022-06-27 16:49:00|waiting for 28
2022-06-27 16:49:04|12 received
2022-06-27 16:49:04|waiting for 7
2022-06-27 16:49:11|29 received
2022-06-27 16:49:11|waiting for 8
2022-06-27 16:49:12|27 received
2022-06-27 16:49:12|waiting for 4
2022-06-27 16:49:14|21 received
2022-06-27 16:49:14|waiting for 2
2022-06-27 16:49:17|28 received
2022-06-27 16:49:17|waiting for 25
2022-06-27 16:49:25|7 received
2022-06-27 16:49:25|waiting for 10
2022-06-27 16:49:31|8 received
2022-06-27 16:49:31|waiting for 26
2022-06-27 16:49:33|4 received
2022-06-27 16:49:33|waiting for 15
2022-06-27 16:49:35|25 received
2022-06-27 16:49:35|waiting for 19
2022-06-27 16:49:36|2 received
2022-06-27 16:49:36|waiting for 9
2022-06-27 16:49:46|10 received
2022-06-27 16:49:46|waiting for 6
2022-06-27 16:49:47|26 received
2022-06-27 16:49:50|15 received
2022-06-27 16:49:51|19 received
2022-06-27 16:49:57|9 received
2022-06-27 16:50:04|6 received
2022-06-27 16:50:09|global epoch: 17, loss: 0.29552464018490376, acc: 0.9192500114440918
2022-06-27 16:50:09|waiting for 28
2022-06-27 16:50:09|waiting for 7
2022-06-27 16:50:10|waiting for 15
2022-06-27 16:50:11|waiting for 26
2022-06-27 16:50:11|waiting for 22
2022-06-27 16:50:29|22 received
2022-06-27 16:50:29|waiting for 5
2022-06-27 16:50:29|28 received
2022-06-27 16:50:29|waiting for 0
2022-06-27 16:50:29|26 received
2022-06-27 16:50:29|waiting for 19
2022-06-27 16:50:31|15 received
2022-06-27 16:50:31|waiting for 21
2022-06-27 16:50:34|7 received
2022-06-27 16:50:34|waiting for 12
2022-06-27 16:50:46|19 received
2022-06-27 16:50:46|waiting for 16
2022-06-27 16:50:47|21 received
2022-06-27 16:50:47|waiting for 11
2022-06-27 16:50:49|5 received
2022-06-27 16:50:49|waiting for 14
2022-06-27 16:50:50|0 received
2022-06-27 16:50:50|waiting for 9
2022-06-27 16:50:55|12 received
2022-06-27 16:50:55|waiting for 25
2022-06-27 16:51:02|16 received
2022-06-27 16:51:02|waiting for 24
2022-06-27 16:51:08|11 received
2022-06-27 16:51:08|waiting for 8
2022-06-27 16:51:10|14 received
2022-06-27 16:51:10|waiting for 20
2022-06-27 16:51:11|9 received
2022-06-27 16:51:11|waiting for 4
2022-06-27 16:51:12|25 received
2022-06-27 16:51:12|waiting for 23
2022-06-27 16:51:19|24 received
2022-06-27 16:51:19|waiting for 6
2022-06-27 16:51:26|20 received
2022-06-27 16:51:26|waiting for 3
2022-06-27 16:51:28|23 received
2022-06-27 16:51:28|waiting for 27
2022-06-27 16:51:29|8 received
2022-06-27 16:51:29|waiting for 13
2022-06-27 16:51:33|4 received
2022-06-27 16:51:33|waiting for 1
2022-06-27 16:51:39|6 received
2022-06-27 16:51:39|waiting for 29
2022-06-27 16:51:44|27 received
2022-06-27 16:51:44|waiting for 18
2022-06-27 16:51:47|3 received
2022-06-27 16:51:47|waiting for 10
2022-06-27 16:51:50|13 received
2022-06-27 16:51:50|waiting for 2
2022-06-27 16:51:53|1 received
2022-06-27 16:51:53|waiting for 17
2022-06-27 16:51:56|29 received
2022-06-27 16:52:01|18 received
2022-06-27 16:52:07|10 received
2022-06-27 16:52:09|17 received
2022-06-27 16:52:11|2 received
2022-06-27 16:52:16|global epoch: 18, loss: 0.28340275540650983, acc: 0.9229999780654907
2022-06-27 16:52:16|waiting for 4
2022-06-27 16:52:16|waiting for 9
2022-06-27 16:52:16|waiting for 16
2022-06-27 16:52:16|waiting for 1
2022-06-27 16:52:17|waiting for 21
2022-06-27 16:52:34|21 received
2022-06-27 16:52:34|waiting for 10
2022-06-27 16:52:34|16 received
2022-06-27 16:52:34|waiting for 3
2022-06-27 16:52:40|1 received
2022-06-27 16:52:40|waiting for 29
2022-06-27 16:52:41|4 received
2022-06-27 16:52:41|waiting for 18
2022-06-27 16:52:42|9 received
2022-06-27 16:52:42|waiting for 17
2022-06-27 16:52:55|3 received
2022-06-27 16:52:55|waiting for 8
2022-06-27 16:52:55|10 received
2022-06-27 16:52:55|waiting for 0
2022-06-27 16:52:57|29 received
2022-06-27 16:52:57|waiting for 11
2022-06-27 16:52:57|18 received
2022-06-27 16:52:57|waiting for 13
2022-06-27 16:52:59|17 received
2022-06-27 16:52:59|waiting for 26
2022-06-27 16:53:16|0 received
2022-06-27 16:53:16|waiting for 14
2022-06-27 16:53:16|8 received
2022-06-27 16:53:16|waiting for 7
2022-06-27 16:53:16|26 received
2022-06-27 16:53:16|waiting for 12
2022-06-27 16:53:18|11 received
2022-06-27 16:53:18|waiting for 5
2022-06-27 16:53:19|13 received
2022-06-27 16:53:19|waiting for 28
2022-06-27 16:53:35|28 received
2022-06-27 16:53:35|waiting for 23
2022-06-27 16:53:37|14 received
2022-06-27 16:53:37|waiting for 15
2022-06-27 16:53:38|12 received
2022-06-27 16:53:38|waiting for 6
2022-06-27 16:53:38|7 received
2022-06-27 16:53:38|waiting for 25
2022-06-27 16:53:40|5 received
2022-06-27 16:53:40|waiting for 27
2022-06-27 16:53:51|23 received
2022-06-27 16:53:51|waiting for 22
2022-06-27 16:53:53|15 received
2022-06-27 16:53:53|waiting for 24
2022-06-27 16:53:55|25 received
2022-06-27 16:53:55|waiting for 19
2022-06-27 16:53:56|27 received
2022-06-27 16:53:56|waiting for 2
2022-06-27 16:53:59|6 received
2022-06-27 16:53:59|waiting for 20
2022-06-27 16:54:08|22 received
2022-06-27 16:54:10|24 received
2022-06-27 16:54:11|19 received
2022-06-27 16:54:15|20 received
2022-06-27 16:54:16|2 received
2022-06-27 16:54:21|global epoch: 19, loss: 0.2693547975121632, acc: 0.925000011920929
2022-06-27 16:54:21|waiting for 13
2022-06-27 16:54:21|waiting for 19
2022-06-27 16:54:21|waiting for 17
2022-06-27 16:54:21|waiting for 21
2022-06-27 16:54:22|waiting for 2
2022-06-27 16:54:39|17 received
2022-06-27 16:54:39|waiting for 7
2022-06-27 16:54:40|19 received
2022-06-27 16:54:40|waiting for 6
2022-06-27 16:54:40|21 received
2022-06-27 16:54:40|waiting for 23
2022-06-27 16:54:45|2 received
2022-06-27 16:54:45|waiting for 24
2022-06-27 16:54:46|13 received
2022-06-27 16:54:46|waiting for 3
2022-06-27 16:54:57|23 received
2022-06-27 16:54:57|waiting for 15
2022-06-27 16:55:00|7 received
2022-06-27 16:55:00|waiting for 8
2022-06-27 16:55:01|6 received
2022-06-27 16:55:01|waiting for 26
2022-06-27 16:55:02|24 received
2022-06-27 16:55:02|waiting for 5
2022-06-27 16:55:06|3 received
2022-06-27 16:55:06|waiting for 9
2022-06-27 16:55:13|15 received
2022-06-27 16:55:13|waiting for 28
2022-06-27 16:55:18|26 received
2022-06-27 16:55:18|waiting for 22
2022-06-27 16:55:21|8 received
2022-06-27 16:55:21|waiting for 4
2022-06-27 16:55:23|5 received
2022-06-27 16:55:23|waiting for 1
2022-06-27 16:55:26|9 received
2022-06-27 16:55:26|waiting for 27
2022-06-27 16:55:29|28 received
2022-06-27 16:55:29|waiting for 12
2022-06-27 16:55:34|22 received
2022-06-27 16:55:34|waiting for 11
2022-06-27 16:55:41|4 received
2022-06-27 16:55:41|waiting for 10
2022-06-27 16:55:43|27 received
2022-06-27 16:55:43|waiting for 29
2022-06-27 16:55:44|1 received
2022-06-27 16:55:44|waiting for 25
2022-06-27 16:55:50|12 received
2022-06-27 16:55:50|waiting for 0
2022-06-27 16:55:55|11 received
2022-06-27 16:55:55|waiting for 18
2022-06-27 16:55:59|29 received
2022-06-27 16:55:59|waiting for 16
2022-06-27 16:56:01|25 received
2022-06-27 16:56:01|waiting for 20
2022-06-27 16:56:02|10 received
2022-06-27 16:56:02|waiting for 14
2022-06-27 16:56:10|0 received
2022-06-27 16:56:12|18 received
2022-06-27 16:56:15|16 received
2022-06-27 16:56:17|20 received
2022-06-27 16:56:22|14 received
2022-06-27 16:56:27|global epoch: 20, loss: 0.2677055133449185, acc: 0.923799991607666
2022-06-27 16:56:27|waiting for 24
2022-06-27 16:56:27|waiting for 6
2022-06-27 16:56:28|waiting for 11
2022-06-27 16:56:28|waiting for 1
2022-06-27 16:56:28|waiting for 22
2022-06-27 16:56:45|24 received
2022-06-27 16:56:45|waiting for 13
2022-06-27 16:56:45|22 received
2022-06-27 16:56:45|waiting for 8
2022-06-27 16:56:50|6 received
2022-06-27 16:56:50|waiting for 3
2022-06-27 16:56:51|1 received
2022-06-27 16:56:51|waiting for 7
2022-06-27 16:56:51|11 received
2022-06-27 16:56:51|waiting for 17
2022-06-27 16:57:05|13 received
2022-06-27 16:57:05|waiting for 21
2022-06-27 16:57:07|8 received
2022-06-27 16:57:07|waiting for 10
2022-06-27 16:57:08|17 received
2022-06-27 16:57:08|waiting for 16
2022-06-27 16:57:11|3 received
2022-06-27 16:57:11|waiting for 2
2022-06-27 16:57:12|7 received
2022-06-27 16:57:12|waiting for 12
2022-06-27 16:57:21|21 received
2022-06-27 16:57:21|waiting for 18
2022-06-27 16:57:25|16 received
2022-06-27 16:57:25|waiting for 9
2022-06-27 16:57:28|10 received
2022-06-27 16:57:28|waiting for 5
2022-06-27 16:57:32|2 received
2022-06-27 16:57:32|waiting for 0
2022-06-27 16:57:33|12 received
2022-06-27 16:57:33|waiting for 20
2022-06-27 16:57:38|18 received
2022-06-27 16:57:38|waiting for 27
2022-06-27 16:57:45|9 received
2022-06-27 16:57:45|waiting for 15
2022-06-27 16:57:48|5 received
2022-06-27 16:57:48|waiting for 25
2022-06-27 16:57:50|20 received
2022-06-27 16:57:50|waiting for 26
2022-06-27 16:57:53|0 received
2022-06-27 16:57:53|waiting for 28
2022-06-27 16:57:55|27 received
2022-06-27 16:57:55|waiting for 29
2022-06-27 16:58:01|15 received
2022-06-27 16:58:01|waiting for 23
2022-06-27 16:58:05|25 received
2022-06-27 16:58:05|waiting for 4
2022-06-27 16:58:07|26 received
2022-06-27 16:58:07|waiting for 19
2022-06-27 16:58:09|28 received
2022-06-27 16:58:09|waiting for 14
2022-06-27 16:58:12|29 received
2022-06-27 16:58:18|23 received
2022-06-27 16:58:23|19 received
2022-06-27 16:58:26|4 received
2022-06-27 16:58:29|14 received
2022-06-27 16:58:34|global epoch: 21, loss: 0.26132950492623586, acc: 0.9282500147819519
2022-06-27 16:58:34|waiting for 20
2022-06-27 16:58:35|waiting for 13
2022-06-27 16:58:35|waiting for 28
2022-06-27 16:58:36|waiting for 14
2022-06-27 16:58:36|waiting for 19
2022-06-27 16:58:52|28 received
2022-06-27 16:58:52|waiting for 7
2022-06-27 16:58:53|20 received
2022-06-27 16:58:53|waiting for 29
2022-06-27 16:58:54|19 received
2022-06-27 16:58:54|waiting for 12
2022-06-27 16:58:58|14 received
2022-06-27 16:58:58|waiting for 5
2022-06-27 16:58:58|13 received
2022-06-27 16:58:58|waiting for 17
2022-06-27 16:59:09|29 received
2022-06-27 16:59:09|waiting for 25
2022-06-27 16:59:12|7 received
2022-06-27 16:59:12|waiting for 16
2022-06-27 16:59:14|17 received
2022-06-27 16:59:14|waiting for 8
2022-06-27 16:59:15|12 received
2022-06-27 16:59:15|waiting for 22
2022-06-27 16:59:18|5 received
2022-06-27 16:59:18|waiting for 10
2022-06-27 16:59:26|25 received
2022-06-27 16:59:26|waiting for 21
2022-06-27 16:59:29|16 received
2022-06-27 16:59:29|waiting for 4
2022-06-27 16:59:31|22 received
2022-06-27 16:59:31|waiting for 23
2022-06-27 16:59:35|8 received
2022-06-27 16:59:35|waiting for 2
2022-06-27 16:59:39|10 received
2022-06-27 16:59:39|waiting for 1
2022-06-27 16:59:42|21 received
2022-06-27 16:59:42|waiting for 18
2022-06-27 16:59:48|23 received
2022-06-27 16:59:48|waiting for 24
2022-06-27 16:59:49|4 received
2022-06-27 16:59:49|waiting for 15
2022-06-27 16:59:56|2 received
2022-06-27 16:59:56|waiting for 3
2022-06-27 16:59:59|18 received
2022-06-27 16:59:59|waiting for 26
2022-06-27 17:00:00|1 received
2022-06-27 17:00:00|waiting for 9
2022-06-27 17:00:04|24 received
2022-06-27 17:00:04|waiting for 6
2022-06-27 17:00:06|15 received
2022-06-27 17:00:06|waiting for 0
2022-06-27 17:00:16|26 received
2022-06-27 17:00:16|waiting for 27
2022-06-27 17:00:17|3 received
2022-06-27 17:00:17|waiting for 11
2022-06-27 17:00:21|9 received
2022-06-27 17:00:24|6 received
2022-06-27 17:00:26|0 received
2022-06-27 17:00:31|27 received
2022-06-27 17:00:36|11 received
2022-06-27 17:00:41|global epoch: 22, loss: 0.2785186150223253, acc: 0.9222000241279602
2022-06-27 17:00:41|waiting for 29
2022-06-27 17:00:42|waiting for 25
2022-06-27 17:00:42|waiting for 23
2022-06-27 17:00:44|waiting for 2
2022-06-27 17:00:44|waiting for 15
2022-06-27 17:00:59|29 received
2022-06-27 17:00:59|waiting for 17
2022-06-27 17:01:01|23 received
2022-06-27 17:01:01|waiting for 19
2022-06-27 17:01:02|25 received
2022-06-27 17:01:02|waiting for 21
2022-06-27 17:01:03|15 received
2022-06-27 17:01:03|waiting for 5
2022-06-27 17:01:06|2 received
2022-06-27 17:01:06|waiting for 12
2022-06-27 17:01:16|17 received
2022-06-27 17:01:16|waiting for 4
2022-06-27 17:01:17|19 received
2022-06-27 17:01:17|waiting for 13
2022-06-27 17:01:18|21 received
2022-06-27 17:01:18|waiting for 6
2022-06-27 17:01:24|5 received
2022-06-27 17:01:24|waiting for 26
2022-06-27 17:01:26|12 received
2022-06-27 17:01:26|waiting for 22
2022-06-27 17:01:36|4 received
2022-06-27 17:01:36|waiting for 0
2022-06-27 17:01:38|13 received
2022-06-27 17:01:38|waiting for 27
2022-06-27 17:01:40|6 received
2022-06-27 17:01:40|waiting for 7
2022-06-27 17:01:41|26 received
2022-06-27 17:01:41|waiting for 9
2022-06-27 17:01:42|22 received
2022-06-27 17:01:42|waiting for 10
2022-06-27 17:01:54|27 received
2022-06-27 17:01:54|waiting for 1
2022-06-27 17:01:57|0 received
2022-06-27 17:01:57|waiting for 8
2022-06-27 17:02:00|7 received
2022-06-27 17:02:00|waiting for 18
2022-06-27 17:02:02|9 received
2022-06-27 17:02:02|waiting for 11
2022-06-27 17:02:03|10 received
2022-06-27 17:02:03|waiting for 24
2022-06-27 17:02:15|1 received
2022-06-27 17:02:15|waiting for 3
2022-06-27 17:02:16|18 received
2022-06-27 17:02:16|waiting for 28
2022-06-27 17:02:18|8 received
2022-06-27 17:02:18|waiting for 16
2022-06-27 17:02:19|24 received
2022-06-27 17:02:19|waiting for 14
2022-06-27 17:02:22|11 received
2022-06-27 17:02:22|waiting for 20
2022-06-27 17:02:33|28 received
2022-06-27 17:02:34|16 received
2022-06-27 17:02:36|3 received
2022-06-27 17:02:38|20 received
2022-06-27 17:02:39|14 received
2022-06-27 17:02:44|global epoch: 23, loss: 0.26133293405917907, acc: 0.9261000156402588
2022-06-27 17:02:44|waiting for 24
2022-06-27 17:02:44|waiting for 12
2022-06-27 17:02:45|waiting for 14
2022-06-27 17:02:45|waiting for 15
2022-06-27 17:02:45|waiting for 11
2022-06-27 17:03:02|24 received
2022-06-27 17:03:02|waiting for 9
2022-06-27 17:03:02|15 received
2022-06-27 17:03:02|waiting for 18
2022-06-27 17:03:05|12 received
2022-06-27 17:03:05|waiting for 26
2022-06-27 17:03:07|14 received
2022-06-27 17:03:07|waiting for 3
2022-06-27 17:03:07|11 received
2022-06-27 17:03:07|waiting for 10
2022-06-27 17:03:18|18 received
2022-06-27 17:03:18|waiting for 21
2022-06-27 17:03:22|26 received
2022-06-27 17:03:22|waiting for 0
2022-06-27 17:03:22|9 received
2022-06-27 17:03:22|waiting for 2
2022-06-27 17:03:28|10 received
2022-06-27 17:03:28|waiting for 19
2022-06-27 17:03:29|3 received
2022-06-27 17:03:29|waiting for 4
2022-06-27 17:03:34|21 received
2022-06-27 17:03:34|waiting for 20
2022-06-27 17:03:43|2 received
2022-06-27 17:03:43|waiting for 22
2022-06-27 17:03:44|0 received
2022-06-27 17:03:44|waiting for 25
2022-06-27 17:03:45|19 received
2022-06-27 17:03:45|waiting for 8
2022-06-27 17:03:50|4 received
2022-06-27 17:03:50|waiting for 6
2022-06-27 17:03:51|20 received
2022-06-27 17:03:51|waiting for 17
2022-06-27 17:03:59|22 received
2022-06-27 17:03:59|waiting for 23
2022-06-27 17:04:00|25 received
2022-06-27 17:04:00|waiting for 5
2022-06-27 17:04:06|8 received
2022-06-27 17:04:06|waiting for 13
2022-06-27 17:04:07|17 received
2022-06-27 17:04:07|waiting for 16
2022-06-27 17:04:11|6 received
2022-06-27 17:04:11|waiting for 1
2022-06-27 17:04:16|23 received
2022-06-27 17:04:16|waiting for 7
2022-06-27 17:04:22|5 received
2022-06-27 17:04:22|waiting for 27
2022-06-27 17:04:23|16 received
2022-06-27 17:04:23|waiting for 28
2022-06-27 17:04:26|13 received
2022-06-27 17:04:26|waiting for 29
2022-06-27 17:04:31|1 received
2022-06-27 17:04:35|7 received
2022-06-27 17:04:38|27 received
2022-06-27 17:04:40|28 received
2022-06-27 17:04:42|29 received
2022-06-27 17:04:47|global epoch: 24, loss: 0.265195240860855, acc: 0.9280999898910522
2022-06-27 17:04:47|waiting for 13
2022-06-27 17:04:47|waiting for 18
2022-06-27 17:04:48|waiting for 12
2022-06-27 17:04:48|waiting for 27
2022-06-27 17:04:49|waiting for 3
2022-06-27 17:05:04|18 received
2022-06-27 17:05:04|waiting for 1
2022-06-27 17:05:04|27 received
2022-06-27 17:05:04|waiting for 11
2022-06-27 17:05:09|13 received
2022-06-27 17:05:09|waiting for 26
2022-06-27 17:05:11|12 received
2022-06-27 17:05:11|waiting for 21
2022-06-27 17:05:12|3 received
2022-06-27 17:05:12|waiting for 29
2022-06-27 17:05:24|11 received
2022-06-27 17:05:24|waiting for 19
2022-06-27 17:05:26|26 received
2022-06-27 17:05:26|waiting for 17
2022-06-27 17:05:27|1 received
2022-06-27 17:05:27|waiting for 2
2022-06-27 17:05:27|21 received
2022-06-27 17:05:27|waiting for 25
2022-06-27 17:05:29|29 received
2022-06-27 17:05:29|waiting for 16
2022-06-27 17:05:40|19 received
2022-06-27 17:05:40|waiting for 0
2022-06-27 17:05:42|17 received
2022-06-27 17:05:42|waiting for 10
2022-06-27 17:05:43|25 received
2022-06-27 17:05:43|waiting for 7
2022-06-27 17:05:45|16 received
2022-06-27 17:05:45|waiting for 23
2022-06-27 17:05:48|2 received
2022-06-27 17:05:48|waiting for 20
2022-06-27 17:06:01|0 received
2022-06-27 17:06:01|waiting for 15
2022-06-27 17:06:02|23 received
2022-06-27 17:06:02|waiting for 6
2022-06-27 17:06:03|10 received
2022-06-27 17:06:03|waiting for 24
2022-06-27 17:06:04|7 received
2022-06-27 17:06:04|waiting for 4
2022-06-27 17:06:04|20 received
2022-06-27 17:06:04|waiting for 22
2022-06-27 17:06:17|15 received
2022-06-27 17:06:17|waiting for 28
2022-06-27 17:06:20|24 received
2022-06-27 17:06:20|waiting for 8
2022-06-27 17:06:21|22 received
2022-06-27 17:06:21|waiting for 9
2022-06-27 17:06:23|6 received
2022-06-27 17:06:23|waiting for 14
2022-06-27 17:06:25|4 received
2022-06-27 17:06:25|waiting for 5
2022-06-27 17:06:34|28 received
2022-06-27 17:06:40|8 received
2022-06-27 17:06:41|9 received
2022-06-27 17:06:43|14 received
2022-06-27 17:06:45|5 received
2022-06-27 17:06:50|global epoch: 25, loss: 0.2700295646097137, acc: 0.9269000291824341
2022-06-27 17:06:50|waiting for 14
2022-06-27 17:06:50|waiting for 21
2022-06-27 17:06:50|waiting for 6
2022-06-27 17:06:50|waiting for 19
2022-06-27 17:06:52|waiting for 15
2022-06-27 17:07:09|15 received
2022-06-27 17:07:09|waiting for 4
2022-06-27 17:07:09|19 received
2022-06-27 17:07:09|waiting for 25
2022-06-27 17:07:10|21 received
2022-06-27 17:07:10|waiting for 27
2022-06-27 17:07:14|14 received
2022-06-27 17:07:14|waiting for 8
2022-06-27 17:07:14|6 received
2022-06-27 17:07:14|waiting for 2
2022-06-27 17:07:25|25 received
2022-06-27 17:07:25|waiting for 7
2022-06-27 17:07:27|27 received
2022-06-27 17:07:27|waiting for 29
2022-06-27 17:07:30|4 received
2022-06-27 17:07:30|waiting for 18
2022-06-27 17:07:34|8 received
2022-06-27 17:07:34|waiting for 5
2022-06-27 17:07:35|2 received
2022-06-27 17:07:35|waiting for 24
2022-06-27 17:07:44|29 received
2022-06-27 17:07:44|waiting for 17
2022-06-27 17:07:46|7 received
2022-06-27 17:07:46|waiting for 3
2022-06-27 17:07:47|18 received
2022-06-27 17:07:47|waiting for 10
2022-06-27 17:07:51|24 received
2022-06-27 17:07:51|waiting for 13
2022-06-27 17:07:54|5 received
2022-06-27 17:07:54|waiting for 12
2022-06-27 17:08:00|17 received
2022-06-27 17:08:00|waiting for 28
2022-06-27 17:08:07|3 received
2022-06-27 17:08:07|waiting for 1
2022-06-27 17:08:07|10 received
2022-06-27 17:08:07|waiting for 22
2022-06-27 17:08:12|13 received
2022-06-27 17:08:12|waiting for 16
2022-06-27 17:08:14|12 received
2022-06-27 17:08:14|waiting for 9
2022-06-27 17:08:16|28 received
2022-06-27 17:08:16|waiting for 26
2022-06-27 17:08:24|22 received
2022-06-27 17:08:24|waiting for 20
2022-06-27 17:08:27|1 received
2022-06-27 17:08:27|waiting for 0
2022-06-27 17:08:29|16 received
2022-06-27 17:08:29|waiting for 23
2022-06-27 17:08:33|26 received
2022-06-27 17:08:33|waiting for 11
2022-06-27 17:08:35|9 received
2022-06-27 17:08:40|20 received
2022-06-27 17:08:45|23 received
2022-06-27 17:08:47|0 received
2022-06-27 17:08:52|11 received
2022-06-27 17:08:57|global epoch: 26, loss: 0.25153621312826163, acc: 0.9322500228881836
2022-06-27 17:08:57|waiting for 28
2022-06-27 17:08:58|waiting for 24
2022-06-27 17:08:59|waiting for 8
2022-06-27 17:08:59|waiting for 5
2022-06-27 17:08:59|waiting for 19
2022-06-27 17:09:15|24 received
2022-06-27 17:09:15|waiting for 20
2022-06-27 17:09:17|28 received
2022-06-27 17:09:17|waiting for 4
2022-06-27 17:09:17|19 received
2022-06-27 17:09:17|waiting for 7
2022-06-27 17:09:20|8 received
2022-06-27 17:09:20|waiting for 12
2022-06-27 17:09:21|5 received
2022-06-27 17:09:21|waiting for 14
2022-06-27 17:09:32|20 received
2022-06-27 17:09:32|waiting for 18
2022-06-27 17:09:37|4 received
2022-06-27 17:09:37|waiting for 25
2022-06-27 17:09:38|7 received
2022-06-27 17:09:39|waiting for 1
2022-06-27 17:09:40|12 received
2022-06-27 17:09:40|waiting for 17
2022-06-27 17:09:42|14 received
2022-06-27 17:09:42|waiting for 2
2022-06-27 17:09:48|18 received
2022-06-27 17:09:48|waiting for 6
2022-06-27 17:09:54|25 received
2022-06-27 17:09:54|waiting for 26
2022-06-27 17:09:56|17 received
2022-06-27 17:09:56|waiting for 16
2022-06-27 17:10:00|1 received
2022-06-27 17:10:00|waiting for 22
2022-06-27 17:10:03|2 received
2022-06-27 17:10:03|waiting for 13
2022-06-27 17:10:08|6 received
2022-06-27 17:10:08|waiting for 29
2022-06-27 17:10:10|26 received
2022-06-27 17:10:10|waiting for 11
2022-06-27 17:10:13|16 received
2022-06-27 17:10:13|waiting for 3
2022-06-27 17:10:16|22 received
2022-06-27 17:10:16|waiting for 10
2022-06-27 17:10:24|13 received
2022-06-27 17:10:24|waiting for 15
2022-06-27 17:10:25|29 received
2022-06-27 17:10:25|waiting for 0
2022-06-27 17:10:31|11 received
2022-06-27 17:10:31|waiting for 9
2022-06-27 17:10:33|3 received
2022-06-27 17:10:33|waiting for 27
2022-06-27 17:10:36|10 received
2022-06-27 17:10:36|waiting for 21
2022-06-27 17:10:40|15 received
2022-06-27 17:10:40|waiting for 23
2022-06-27 17:10:45|0 received
2022-06-27 17:10:50|27 received
2022-06-27 17:10:52|9 received
2022-06-27 17:10:52|21 received
2022-06-27 17:10:56|23 received
2022-06-27 17:11:01|global epoch: 27, loss: 0.25719829980841463, acc: 0.9291499853134155
2022-06-27 17:11:01|waiting for 27
2022-06-27 17:11:01|waiting for 8
2022-06-27 17:11:02|waiting for 4
2022-06-27 17:11:02|waiting for 26
2022-06-27 17:11:02|waiting for 28
2022-06-27 17:11:19|28 received
2022-06-27 17:11:19|waiting for 19
2022-06-27 17:11:21|26 received
2022-06-27 17:11:21|waiting for 10
2022-06-27 17:11:21|27 received
2022-06-27 17:11:21|waiting for 12
2022-06-27 17:11:25|4 received
2022-06-27 17:11:25|waiting for 20
2022-06-27 17:11:26|8 received
2022-06-27 17:11:26|waiting for 6
2022-06-27 17:11:36|19 received
2022-06-27 17:11:36|waiting for 25
2022-06-27 17:11:41|20 received
2022-06-27 17:11:41|waiting for 2
2022-06-27 17:11:41|12 received
2022-06-27 17:11:41|waiting for 24
2022-06-27 17:11:43|10 received
2022-06-27 17:11:43|waiting for 1
2022-06-27 17:11:47|6 received
2022-06-27 17:11:47|waiting for 9
2022-06-27 17:11:52|25 received
2022-06-27 17:11:52|waiting for 15
2022-06-27 17:11:58|24 received
2022-06-27 17:11:58|waiting for 18
2022-06-27 17:12:02|2 received
2022-06-27 17:12:02|waiting for 23
2022-06-27 17:12:03|1 received
2022-06-27 17:12:03|waiting for 3
2022-06-27 17:12:08|9 received
2022-06-27 17:12:08|waiting for 13
2022-06-27 17:12:08|15 received
2022-06-27 17:12:08|waiting for 5
2022-06-27 17:12:14|18 received
2022-06-27 17:12:14|waiting for 14
2022-06-27 17:12:18|23 received
2022-06-27 17:12:18|waiting for 0
2022-06-27 17:12:24|3 received
2022-06-27 17:12:24|waiting for 17
2022-06-27 17:12:28|13 received
2022-06-27 17:12:28|waiting for 29
2022-06-27 17:12:30|5 received
2022-06-27 17:12:30|waiting for 16
2022-06-27 17:12:34|14 received
2022-06-27 17:12:34|waiting for 22
2022-06-27 17:12:39|0 received
2022-06-27 17:12:39|waiting for 7
2022-06-27 17:12:40|17 received
2022-06-27 17:12:40|waiting for 21
2022-06-27 17:12:44|29 received
2022-06-27 17:12:44|waiting for 11
2022-06-27 17:12:46|16 received
2022-06-27 17:12:51|22 received
2022-06-27 17:12:56|21 received
2022-06-27 17:12:59|7 received
2022-06-27 17:13:04|11 received
2022-06-27 17:13:08|global epoch: 28, loss: 0.25484740969845976, acc: 0.9296500086784363
2022-06-27 17:13:08|waiting for 28
2022-06-27 17:13:08|waiting for 26
2022-06-27 17:13:08|waiting for 6
2022-06-27 17:13:10|waiting for 24
2022-06-27 17:13:10|waiting for 11
2022-06-27 17:13:26|28 received
2022-06-27 17:13:26|waiting for 21
2022-06-27 17:13:28|24 received
2022-06-27 17:13:28|waiting for 5
2022-06-27 17:13:28|26 received
2022-06-27 17:13:28|waiting for 17
2022-06-27 17:13:32|6 received
2022-06-27 17:13:32|waiting for 7
2022-06-27 17:13:32|11 received
2022-06-27 17:13:32|waiting for 23
2022-06-27 17:13:43|21 received
2022-06-27 17:13:43|waiting for 19
2022-06-27 17:13:44|17 received
2022-06-27 17:13:44|waiting for 20
2022-06-27 17:13:49|5 received
2022-06-27 17:13:49|waiting for 10
2022-06-27 17:13:49|23 received
2022-06-27 17:13:49|waiting for 22
2022-06-27 17:13:52|7 received
2022-06-27 17:13:52|waiting for 0
2022-06-27 17:14:00|19 received
2022-06-27 17:14:00|waiting for 16
2022-06-27 17:14:01|20 received
2022-06-27 17:14:01|waiting for 4
2022-06-27 17:14:06|22 received
2022-06-27 17:14:06|waiting for 27
2022-06-27 17:14:09|10 received
2022-06-27 17:14:09|waiting for 9
2022-06-27 17:14:13|0 received
2022-06-27 17:14:13|waiting for 25
2022-06-27 17:14:16|16 received
2022-06-27 17:14:16|waiting for 18
2022-06-27 17:14:21|27 received
2022-06-27 17:14:21|waiting for 3
2022-06-27 17:14:22|4 received
2022-06-27 17:14:22|waiting for 2
2022-06-27 17:14:29|25 received
2022-06-27 17:14:29|waiting for 15
2022-06-27 17:14:31|9 received
2022-06-27 17:14:31|waiting for 13
2022-06-27 17:14:32|18 received
2022-06-27 17:14:32|waiting for 12
2022-06-27 17:14:41|3 received
2022-06-27 17:14:41|waiting for 29
2022-06-27 17:14:43|2 received
2022-06-27 17:14:43|waiting for 14
2022-06-27 17:14:46|15 received
2022-06-27 17:14:46|waiting for 8
2022-06-27 17:14:52|13 received
2022-06-27 17:14:52|waiting for 1
2022-06-27 17:14:52|12 received
2022-06-27 17:14:58|29 received
2022-06-27 17:15:03|14 received
2022-06-27 17:15:06|8 received
2022-06-27 17:15:11|1 received
2022-06-27 17:15:15|global epoch: 29, loss: 0.2696875007867318, acc: 0.9283499717712402
2022-06-27 17:15:15|3847.1183927059174 time consumed
